2025-06-01 05:47:42,646 - INFO = Iniciando Analise
2025-06-01 05:47:42,647 - INFO = Acessando a pagina 1
2025-06-01 05:47:43,418 - INFO = Foram encontradas 10 citacoes na pagina 1
2025-06-01 05:47:43,419 - INFO = Total de citacoes analisadas: 10
2025-06-01 05:47:43,419 - INFO = Acessando a pagina 2
2025-06-01 05:47:44,080 - INFO = Foram encontradas 10 citacoes na pagina 2
2025-06-01 05:47:44,081 - INFO = Total de citacoes analisadas: 20
2025-06-01 05:47:44,081 - INFO = Acessando a pagina 3
2025-06-01 05:47:44,736 - INFO = Foram encontradas 10 citacoes na pagina 3
2025-06-01 05:47:44,737 - INFO = Total de citacoes analisadas: 30
2025-06-01 05:47:44,737 - INFO = Acessando a pagina 4
2025-06-01 05:47:45,374 - INFO = Foram encontradas 10 citacoes na pagina 4
2025-06-01 05:47:45,375 - INFO = Total de citacoes analisadas: 40
2025-06-01 05:47:45,375 - INFO = Acessando a pagina 5
2025-06-01 05:47:46,016 - INFO = Foram encontradas 10 citacoes na pagina 5
2025-06-01 05:47:46,017 - INFO = Total de citacoes analisadas: 50
2025-06-01 05:47:46,017 - INFO = Acessando a pagina 6
2025-06-01 05:47:46,686 - INFO = Foram encontradas 10 citacoes na pagina 6
2025-06-01 05:47:46,687 - INFO = Total de citacoes analisadas: 60
2025-06-01 05:47:46,687 - INFO = Acessando a pagina 7
2025-06-01 05:47:47,347 - INFO = Foram encontradas 10 citacoes na pagina 7
2025-06-01 05:47:47,348 - INFO = Total de citacoes analisadas: 70
2025-06-01 05:47:47,348 - INFO = Acessando a pagina 8
2025-06-01 05:47:48,031 - INFO = Foram encontradas 10 citacoes na pagina 8
2025-06-01 05:47:48,032 - INFO = Total de citacoes analisadas: 80
2025-06-01 05:47:48,032 - INFO = Acessando a pagina 9
2025-06-01 05:47:48,663 - INFO = Foram encontradas 10 citacoes na pagina 9
2025-06-01 05:47:48,664 - INFO = Total de citacoes analisadas: 90
2025-06-01 05:47:48,664 - INFO = Acessando a pagina 10
2025-06-01 05:47:49,305 - INFO = Foram encontradas 10 citacoes na pagina 10
2025-06-01 05:47:49,306 - INFO = Total de citacoes analisadas: 100
2025-06-01 05:47:49,306 - INFO = Acessando a pagina 11
2025-06-01 05:47:49,813 - INFO = Nenhuma citacao encontrada!
2025-06-01 05:47:53,541 - INFO = Iniciando Analise
2025-06-01 05:47:53,541 - INFO = Acessando a pagina 1
2025-06-01 05:47:54,206 - INFO = Foram encontradas 10 citacoes na pagina 1
2025-06-01 05:47:54,207 - INFO = Total de citacoes analisadas: 10
2025-06-01 05:47:54,207 - INFO = Acessando a pagina 2
2025-06-01 05:47:54,888 - INFO = Foram encontradas 10 citacoes na pagina 2
2025-06-01 05:47:54,889 - INFO = Total de citacoes analisadas: 20
2025-06-01 05:47:54,889 - INFO = Acessando a pagina 3
2025-06-01 05:47:55,521 - INFO = Foram encontradas 10 citacoes na pagina 3
2025-06-01 05:47:55,522 - INFO = Total de citacoes analisadas: 30
2025-06-01 05:47:55,522 - INFO = Acessando a pagina 4
2025-06-01 05:47:56,164 - INFO = Foram encontradas 10 citacoes na pagina 4
2025-06-01 05:47:56,165 - INFO = Total de citacoes analisadas: 40
2025-06-01 05:47:56,165 - INFO = Acessando a pagina 5
2025-06-01 05:47:56,802 - INFO = Foram encontradas 10 citacoes na pagina 5
2025-06-01 05:47:56,802 - INFO = Total de citacoes analisadas: 50
2025-06-01 05:47:56,802 - INFO = Acessando a pagina 6
2025-06-01 05:47:57,448 - INFO = Foram encontradas 10 citacoes na pagina 6
2025-06-01 05:47:57,449 - INFO = Total de citacoes analisadas: 60
2025-06-01 05:47:57,449 - INFO = Acessando a pagina 7
2025-06-01 05:47:58,112 - INFO = Foram encontradas 10 citacoes na pagina 7
2025-06-01 05:47:58,113 - INFO = Total de citacoes analisadas: 70
2025-06-01 05:47:58,113 - INFO = Acessando a pagina 8
2025-06-01 05:47:58,759 - INFO = Foram encontradas 10 citacoes na pagina 8
2025-06-01 05:47:58,760 - INFO = Total de citacoes analisadas: 80
2025-06-01 05:47:58,760 - INFO = Acessando a pagina 9
2025-06-01 05:47:59,391 - INFO = Foram encontradas 10 citacoes na pagina 9
2025-06-01 05:47:59,392 - INFO = Total de citacoes analisadas: 90
2025-06-01 05:47:59,392 - INFO = Acessando a pagina 10
2025-06-01 05:48:00,048 - INFO = Foram encontradas 10 citacoes na pagina 10
2025-06-01 05:48:00,049 - INFO = Total de citacoes analisadas: 100
2025-06-01 05:48:00,049 - INFO = Acessando a pagina 11
2025-06-01 05:48:00,533 - INFO = Nenhuma citacao encontrada!
2025-06-01 05:48:20,104 - INFO = Iniciando Analise
2025-06-01 05:48:20,105 - INFO = Acessando a pagina 1
2025-06-01 05:48:20,783 - INFO = Foram encontradas 10 citacoes na pagina 1
2025-06-01 05:48:20,784 - INFO = Total de citacoes analisadas: 10
2025-06-01 05:48:20,784 - INFO = Acessando a pagina 2
2025-06-01 05:48:21,427 - INFO = Foram encontradas 10 citacoes na pagina 2
2025-06-01 05:48:21,429 - INFO = Total de citacoes analisadas: 20
2025-06-01 05:48:21,429 - INFO = Acessando a pagina 3
2025-06-01 05:48:22,067 - INFO = Foram encontradas 10 citacoes na pagina 3
2025-06-01 05:48:22,068 - INFO = Total de citacoes analisadas: 30
2025-06-01 05:48:22,068 - INFO = Acessando a pagina 4
2025-06-01 05:48:22,721 - INFO = Foram encontradas 10 citacoes na pagina 4
2025-06-01 05:48:22,722 - INFO = Total de citacoes analisadas: 40
2025-06-01 05:48:22,722 - INFO = Acessando a pagina 5
2025-06-01 05:48:23,395 - INFO = Foram encontradas 10 citacoes na pagina 5
2025-06-01 05:48:23,399 - INFO = Total de citacoes analisadas: 50
2025-06-01 05:48:23,399 - INFO = Acessando a pagina 6
2025-06-01 05:48:24,043 - INFO = Foram encontradas 10 citacoes na pagina 6
2025-06-01 05:48:24,044 - INFO = Total de citacoes analisadas: 60
2025-06-01 05:48:24,045 - INFO = Acessando a pagina 7
2025-06-01 05:48:24,695 - INFO = Foram encontradas 10 citacoes na pagina 7
2025-06-01 05:48:24,697 - INFO = Total de citacoes analisadas: 70
2025-06-01 05:48:24,697 - INFO = Acessando a pagina 8
2025-06-01 05:48:25,363 - INFO = Foram encontradas 10 citacoes na pagina 8
2025-06-01 05:48:25,366 - INFO = Total de citacoes analisadas: 80
2025-06-01 05:48:25,366 - INFO = Acessando a pagina 9
2025-06-01 05:48:26,036 - INFO = Foram encontradas 10 citacoes na pagina 9
2025-06-01 05:48:26,039 - INFO = Total de citacoes analisadas: 90
2025-06-01 05:48:26,040 - INFO = Acessando a pagina 10
2025-06-01 05:48:26,685 - INFO = Foram encontradas 10 citacoes na pagina 10
2025-06-01 05:48:26,686 - INFO = Total de citacoes analisadas: 100
2025-06-01 05:48:26,686 - INFO = Acessando a pagina 11
2025-06-01 05:48:27,177 - INFO = Nenhuma citacao encontrada!
2025-06-01 05:57:08,280 - INFO = Iniciando Analise
2025-06-01 05:57:08,280 - INFO = Acessando a pagina 1
2025-06-01 05:57:09,011 - INFO = Foram encontradas 10 citacoes na pagina 1
2025-06-01 05:57:09,012 - INFO = Total de citacoes analisadas: 10
2025-06-01 05:57:09,012 - INFO = Acessando a pagina 2
2025-06-01 05:57:09,670 - INFO = Foram encontradas 10 citacoes na pagina 2
2025-06-01 05:57:09,671 - INFO = Total de citacoes analisadas: 20
2025-06-01 05:57:09,671 - INFO = Acessando a pagina 3
2025-06-01 05:57:10,310 - INFO = Foram encontradas 10 citacoes na pagina 3
2025-06-01 05:57:10,311 - INFO = Total de citacoes analisadas: 30
2025-06-01 05:57:10,311 - INFO = Acessando a pagina 4
2025-06-01 05:57:10,952 - INFO = Foram encontradas 10 citacoes na pagina 4
2025-06-01 05:57:10,953 - INFO = Total de citacoes analisadas: 40
2025-06-01 05:57:10,953 - INFO = Acessando a pagina 5
2025-06-01 05:57:11,594 - INFO = Foram encontradas 10 citacoes na pagina 5
2025-06-01 05:57:11,595 - INFO = Total de citacoes analisadas: 50
2025-06-01 05:57:11,595 - INFO = Acessando a pagina 6
2025-06-01 05:57:12,256 - INFO = Foram encontradas 10 citacoes na pagina 6
2025-06-01 05:57:12,257 - INFO = Total de citacoes analisadas: 60
2025-06-01 05:57:12,257 - INFO = Acessando a pagina 7
2025-06-01 05:57:12,904 - INFO = Foram encontradas 10 citacoes na pagina 7
2025-06-01 05:57:12,905 - INFO = Total de citacoes analisadas: 70
2025-06-01 05:57:12,905 - INFO = Acessando a pagina 8
2025-06-01 05:57:13,542 - INFO = Foram encontradas 10 citacoes na pagina 8
2025-06-01 05:57:13,543 - INFO = Total de citacoes analisadas: 80
2025-06-01 05:57:13,543 - INFO = Acessando a pagina 9
2025-06-01 05:57:14,216 - INFO = Foram encontradas 10 citacoes na pagina 9
2025-06-01 05:57:14,217 - INFO = Total de citacoes analisadas: 90
2025-06-01 05:57:14,217 - INFO = Acessando a pagina 10
2025-06-01 05:57:14,877 - INFO = Foram encontradas 10 citacoes na pagina 10
2025-06-01 05:57:14,878 - INFO = Total de citacoes analisadas: 100
2025-06-01 05:57:14,878 - INFO = Acessando a pagina 11
2025-06-01 05:57:15,378 - INFO = Nenhuma citacao encontrada!
2025-06-01 06:05:37,010 - INFO = Iniciando Analise
2025-06-01 06:05:37,011 - INFO = Acessando a pagina 1
2025-06-01 06:05:37,768 - INFO = Foram encontradas 10 citacoes na pagina 1
2025-06-01 06:05:37,769 - INFO = Total de citacoes analisadas: 10
2025-06-01 06:05:37,769 - INFO = Acessando a pagina 2
2025-06-01 06:05:38,434 - INFO = Foram encontradas 10 citacoes na pagina 2
2025-06-01 06:05:38,435 - INFO = Total de citacoes analisadas: 20
2025-06-01 06:05:38,435 - INFO = Acessando a pagina 3
2025-06-01 06:05:39,095 - INFO = Foram encontradas 10 citacoes na pagina 3
2025-06-01 06:05:39,096 - INFO = Total de citacoes analisadas: 30
2025-06-01 06:05:39,096 - INFO = Acessando a pagina 4
2025-06-01 06:05:39,733 - INFO = Foram encontradas 10 citacoes na pagina 4
2025-06-01 06:05:39,734 - INFO = Total de citacoes analisadas: 40
2025-06-01 06:05:39,734 - INFO = Acessando a pagina 5
2025-06-01 06:05:40,365 - INFO = Foram encontradas 10 citacoes na pagina 5
2025-06-01 06:05:40,366 - INFO = Total de citacoes analisadas: 50
2025-06-01 06:05:40,366 - INFO = Acessando a pagina 6
2025-06-01 06:05:41,099 - INFO = Foram encontradas 10 citacoes na pagina 6
2025-06-01 06:05:41,100 - INFO = Total de citacoes analisadas: 60
2025-06-01 06:05:41,100 - INFO = Acessando a pagina 7
2025-06-01 06:05:41,731 - INFO = Foram encontradas 10 citacoes na pagina 7
2025-06-01 06:05:41,732 - INFO = Total de citacoes analisadas: 70
2025-06-01 06:05:41,732 - INFO = Acessando a pagina 8
2025-06-01 06:05:42,380 - INFO = Foram encontradas 10 citacoes na pagina 8
2025-06-01 06:05:42,381 - INFO = Total de citacoes analisadas: 80
2025-06-01 06:05:42,381 - INFO = Acessando a pagina 9
2025-06-01 06:05:43,057 - INFO = Foram encontradas 10 citacoes na pagina 9
2025-06-01 06:05:43,058 - INFO = Total de citacoes analisadas: 90
2025-06-01 06:05:43,058 - INFO = Acessando a pagina 10
2025-06-01 06:05:43,694 - INFO = Foram encontradas 10 citacoes na pagina 10
2025-06-01 06:05:43,695 - INFO = Total de citacoes analisadas: 100
2025-06-01 06:05:43,695 - INFO = Acessando a pagina 11
2025-06-01 06:05:44,175 - INFO = Nenhuma citacao encontrada!
2025-06-01 06:12:32,354 - INFO = Iniciando Analise
2025-06-01 06:12:32,354 - INFO = Acessando a pagina 1
2025-06-01 06:12:33,072 - INFO = Foram encontradas 10 citacoes na pagina 1
2025-06-01 06:12:33,073 - INFO = Total de citacoes analisadas: 10
2025-06-01 06:12:33,073 - INFO = Acessando a pagina 2
2025-06-01 06:12:33,713 - INFO = Foram encontradas 10 citacoes na pagina 2
2025-06-01 06:12:33,714 - INFO = Total de citacoes analisadas: 20
2025-06-01 06:12:33,714 - INFO = Acessando a pagina 3
2025-06-01 06:12:34,358 - INFO = Foram encontradas 10 citacoes na pagina 3
2025-06-01 06:12:34,359 - INFO = Total de citacoes analisadas: 30
2025-06-01 06:12:34,360 - INFO = Acessando a pagina 4
2025-06-01 06:12:35,020 - INFO = Foram encontradas 10 citacoes na pagina 4
2025-06-01 06:12:35,021 - INFO = Total de citacoes analisadas: 40
2025-06-01 06:12:35,021 - INFO = Acessando a pagina 5
2025-06-01 06:12:35,672 - INFO = Foram encontradas 10 citacoes na pagina 5
2025-06-01 06:12:35,674 - INFO = Total de citacoes analisadas: 50
2025-06-01 06:12:35,674 - INFO = Acessando a pagina 6
2025-06-01 06:12:36,319 - INFO = Foram encontradas 10 citacoes na pagina 6
2025-06-01 06:12:36,320 - INFO = Total de citacoes analisadas: 60
2025-06-01 06:12:36,320 - INFO = Acessando a pagina 7
2025-06-01 06:12:36,961 - INFO = Foram encontradas 10 citacoes na pagina 7
2025-06-01 06:12:36,963 - INFO = Total de citacoes analisadas: 70
2025-06-01 06:12:36,963 - INFO = Acessando a pagina 8
2025-06-01 06:12:37,622 - INFO = Foram encontradas 10 citacoes na pagina 8
2025-06-01 06:12:37,623 - INFO = Total de citacoes analisadas: 80
2025-06-01 06:12:37,624 - INFO = Acessando a pagina 9
2025-06-01 06:12:39,389 - INFO = Foram encontradas 10 citacoes na pagina 9
2025-06-01 06:12:39,389 - INFO = Total de citacoes analisadas: 90
2025-06-01 06:12:39,390 - INFO = Acessando a pagina 10
2025-06-01 06:12:40,029 - INFO = Foram encontradas 10 citacoes na pagina 10
2025-06-01 06:12:40,030 - INFO = Total de citacoes analisadas: 100
2025-06-01 06:12:40,030 - INFO = Acessando a pagina 11
2025-06-01 06:12:40,518 - INFO = Nenhuma citacao encontrada!
2025-06-01 06:12:42,511 - INFO = Iniciando Analise
2025-06-01 06:12:42,511 - INFO = Acessando a pagina 1
2025-06-01 06:12:43,173 - INFO = Foram encontradas 10 citacoes na pagina 1
2025-06-01 06:12:43,174 - INFO = Total de citacoes analisadas: 10
2025-06-01 06:12:43,174 - INFO = Acessando a pagina 2
2025-06-01 06:12:43,831 - INFO = Foram encontradas 10 citacoes na pagina 2
2025-06-01 06:12:43,832 - INFO = Total de citacoes analisadas: 20
2025-06-01 06:12:43,832 - INFO = Acessando a pagina 3
2025-06-01 06:12:44,470 - INFO = Foram encontradas 10 citacoes na pagina 3
2025-06-01 06:12:44,471 - INFO = Total de citacoes analisadas: 30
2025-06-01 06:12:44,471 - INFO = Acessando a pagina 4
2025-06-01 06:12:45,136 - INFO = Foram encontradas 10 citacoes na pagina 4
2025-06-01 06:12:45,137 - INFO = Total de citacoes analisadas: 40
2025-06-01 06:12:45,137 - INFO = Acessando a pagina 5
2025-06-01 06:12:45,795 - INFO = Foram encontradas 10 citacoes na pagina 5
2025-06-01 06:12:45,796 - INFO = Total de citacoes analisadas: 50
2025-06-01 06:12:45,796 - INFO = Acessando a pagina 6
2025-06-01 06:12:46,437 - INFO = Foram encontradas 10 citacoes na pagina 6
2025-06-01 06:12:46,438 - INFO = Total de citacoes analisadas: 60
2025-06-01 06:12:46,438 - INFO = Acessando a pagina 7
2025-06-01 06:12:47,109 - INFO = Foram encontradas 10 citacoes na pagina 7
2025-06-01 06:12:47,110 - INFO = Total de citacoes analisadas: 70
2025-06-01 06:12:47,110 - INFO = Acessando a pagina 8
2025-06-01 06:12:47,791 - INFO = Foram encontradas 10 citacoes na pagina 8
2025-06-01 06:12:47,793 - INFO = Total de citacoes analisadas: 80
2025-06-01 06:12:47,793 - INFO = Acessando a pagina 9
2025-06-01 06:12:48,435 - INFO = Foram encontradas 10 citacoes na pagina 9
2025-06-01 06:12:48,436 - INFO = Total de citacoes analisadas: 90
2025-06-01 06:12:48,436 - INFO = Acessando a pagina 10
2025-06-01 06:12:48,833 - INFO = Iniciando Analise
2025-06-01 06:12:48,833 - INFO = Acessando a pagina 1
2025-06-01 06:12:49,067 - INFO = Foram encontradas 10 citacoes na pagina 10
2025-06-01 06:12:49,068 - INFO = Total de citacoes analisadas: 100
2025-06-01 06:12:49,068 - INFO = Acessando a pagina 11
2025-06-01 06:12:49,468 - INFO = Foram encontradas 10 citacoes na pagina 1
2025-06-01 06:12:49,469 - INFO = Total de citacoes analisadas: 10
2025-06-01 06:12:49,469 - INFO = Acessando a pagina 2
2025-06-01 06:12:49,556 - INFO = Nenhuma citacao encontrada!
2025-06-01 06:12:50,118 - INFO = Foram encontradas 10 citacoes na pagina 2
2025-06-01 06:12:50,119 - INFO = Total de citacoes analisadas: 20
2025-06-01 06:12:50,119 - INFO = Acessando a pagina 3
2025-06-01 06:12:50,771 - INFO = Foram encontradas 10 citacoes na pagina 3
2025-06-01 06:12:50,772 - INFO = Total de citacoes analisadas: 30
2025-06-01 06:12:50,772 - INFO = Acessando a pagina 4
2025-06-01 06:12:51,415 - INFO = Foram encontradas 10 citacoes na pagina 4
2025-06-01 06:12:51,416 - INFO = Total de citacoes analisadas: 40
2025-06-01 06:12:51,416 - INFO = Acessando a pagina 5
2025-06-01 06:12:52,064 - INFO = Foram encontradas 10 citacoes na pagina 5
2025-06-01 06:12:52,064 - INFO = Total de citacoes analisadas: 50
2025-06-01 06:12:52,064 - INFO = Acessando a pagina 6
2025-06-01 06:12:52,705 - INFO = Foram encontradas 10 citacoes na pagina 6
2025-06-01 06:12:52,706 - INFO = Total de citacoes analisadas: 60
2025-06-01 06:12:52,706 - INFO = Acessando a pagina 7
2025-06-01 06:12:53,364 - INFO = Foram encontradas 10 citacoes na pagina 7
2025-06-01 06:12:53,364 - INFO = Total de citacoes analisadas: 70
2025-06-01 06:12:53,364 - INFO = Acessando a pagina 8
2025-06-01 06:12:54,042 - INFO = Foram encontradas 10 citacoes na pagina 8
2025-06-01 06:12:54,047 - INFO = Total de citacoes analisadas: 80
2025-06-01 06:12:54,047 - INFO = Acessando a pagina 9
2025-06-01 06:12:54,695 - INFO = Foram encontradas 10 citacoes na pagina 9
2025-06-01 06:12:54,696 - INFO = Total de citacoes analisadas: 90
2025-06-01 06:12:54,696 - INFO = Acessando a pagina 10
2025-06-01 06:12:56,351 - INFO = Foram encontradas 10 citacoes na pagina 10
2025-06-01 06:12:56,352 - INFO = Total de citacoes analisadas: 100
2025-06-01 06:12:56,352 - INFO = Acessando a pagina 11
2025-06-01 06:12:56,834 - INFO = Nenhuma citacao encontrada!
